This is XeTeX, Version 3.14159265-2.6-0.999991 (TeX Live 2019/Debian) (preloaded format=xelatex 2021.5.5)  4 JUN 2021 21:50
entering extended mode
 restricted \write18 enabled.
 %&-line parsing enabled.
**template.tex
(./template.tex
LaTeX2e <2020-02-02> patch level 2
L3 programming layer <2020-02-14>
(/usr/share/texlive/texmf-dist/tex/latex/base/article.cls
Document Class: article 2019/12/20 v1.4l Standard LaTeX document class
(/usr/share/texlive/texmf-dist/tex/latex/base/size10.clo
File: size10.clo 2019/12/20 v1.4l Standard LaTeX file (size option)
)
\c@part=\count163
\c@section=\count164
\c@subsection=\count165
\c@subsubsection=\count166
\c@paragraph=\count167
\c@subparagraph=\count168
\c@figure=\count169
\c@table=\count170
\abovecaptionskip=\skip47
\belowcaptionskip=\skip48
\bibindent=\dimen134
)
(/usr/share/texlive/texmf-dist/tex/latex/titlesec/titletoc.sty
Package: titletoc 2019/10/16 v2.13 TOC entries
\ttl@leftsep=\dimen135
)
(/usr/share/texlive/texmf-dist/tex/latex/titlesec/titlesec.sty
Package: titlesec 2019/10/16 v2.13 Sectioning titles
\ttl@box=\box45
\beforetitleunit=\skip49
\aftertitleunit=\skip50
\ttl@plus=\dimen136
\ttl@minus=\dimen137
\ttl@toksa=\toks14
\titlewidth=\dimen138
\titlewidthlast=\dimen139
\titlewidthfirst=\dimen140
)
(/usr/share/texlive/texmf-dist/tex/latex/abstract/abstract.sty
Package: abstract 2009/06/08 v1.2a configurable abstracts
\abstitleskip=\skip51
\absleftindent=\skip52
\absrightindent=\skip53
\absparindent=\skip54
\absparsep=\skip55
)
(/usr/share/texlive/texmf-dist/tex/xelatex/xecjk/xeCJK.sty
(/usr/share/texlive/texmf-dist/tex/latex/l3kernel/expl3.sty
Package: expl3 2020-02-14 L3 programming layer (loader) 

(/usr/share/texlive/texmf-dist/tex/latex/l3backend/l3backend-xdvipdfmx.def
File: l3backend-xdvipdfmx.def 2020-02-03 L3 backend support: xdvipdfmx
\g__graphics_track_int=\count171
\l__pdf_internal_box=\box46
\g__pdf_backend_object_int=\count172
\g__pdf_backend_annotation_int=\count173
))
Package: xeCJK 2020/02/14 v3.8.1 Typesetting CJK scripts with XeLaTeX

(/usr/share/texlive/texmf-dist/tex/latex/l3packages/l3keys2e/l3keys2e.sty
Package: l3keys2e 2020-02-14 LaTeX2e option processing using LaTeX3 keys
)
(/usr/share/texlive/texmf-dist/tex/latex/l3packages/xtemplate/xtemplate.sty
Package: xtemplate 2020-02-14 L3 Experimental prototype document functions
\l__xtemplate_tmp_dim=\dimen141
\l__xtemplate_tmp_int=\count174
\l__xtemplate_tmp_muskip=\muskip16
\l__xtemplate_tmp_skip=\skip56
)
(/usr/share/texlive/texmf-dist/tex/latex/l3packages/xparse/xparse.sty
Package: xparse 2020-02-14 L3 Experimental document command parser
\l__xparse_current_arg_int=\count175
\g__xparse_grabber_int=\count176
\l__xparse_m_args_int=\count177
\l__xparse_v_nesting_int=\count178
)
\l__xeCJK_tmp_int=\count179
\l__xeCJK_tmp_box=\box47
\l__xeCJK_tmp_dim=\dimen142
\l__xeCJK_tmp_skip=\skip57
\g__xeCJK_space_factor_int=\count180
\l__xeCJK_begin_int=\count181
\l__xeCJK_end_int=\count182
\c__xeCJK_CJK_class_int=\XeTeXcharclass1
\c__xeCJK_FullLeft_class_int=\XeTeXcharclass2
\c__xeCJK_FullRight_class_int=\XeTeXcharclass3
\c__xeCJK_HalfLeft_class_int=\XeTeXcharclass4
\c__xeCJK_HalfRight_class_int=\XeTeXcharclass5
\c__xeCJK_NormalSpace_class_int=\XeTeXcharclass6
\c__xeCJK_CM_class_int=\XeTeXcharclass7
\c__xeCJK_HangulJamo_class_int=\XeTeXcharclass8
\l__xeCJK_last_skip=\skip58
\g__xeCJK_node_int=\count183
\c__xeCJK_CJK_node_dim=\dimen143
\c__xeCJK_CJK-space_node_dim=\dimen144
\c__xeCJK_default_node_dim=\dimen145
\c__xeCJK_default-space_node_dim=\dimen146
\c__xeCJK_CJK-widow_node_dim=\dimen147
\c__xeCJK_normalspace_node_dim=\dimen148
\l__xeCJK_ccglue_skip=\skip59
\l__xeCJK_ecglue_skip=\skip60
\l__xeCJK_punct_kern_skip=\skip61
\l__xeCJK_last_penalty_int=\count184
\l__xeCJK_last_bound_dim=\dimen149
\l__xeCJK_last_kern_dim=\dimen150
\l__xeCJK_widow_penalty_int=\count185

Package xtemplate Info: Declaring object type 'xeCJK/punctuation' taking 0
(xtemplate)             argument(s) on line 2302.

\l__xeCJK_fixed_punct_width_dim=\dimen151
\l__xeCJK_mixed_punct_width_dim=\dimen152
\l__xeCJK_middle_punct_width_dim=\dimen153
\l__xeCJK_fixed_margin_width_dim=\dimen154
\l__xeCJK_mixed_margin_width_dim=\dimen155
\l__xeCJK_middle_margin_width_dim=\dimen156
\l__xeCJK_bound_punct_width_dim=\dimen157
\l__xeCJK_bound_margin_width_dim=\dimen158
\l__xeCJK_margin_minimum_dim=\dimen159
\l__xeCJK_kerning_total_width_dim=\dimen160
\l__xeCJK_same_align_margin_dim=\dimen161
\l__xeCJK_different_align_margin_dim=\dimen162
\l__xeCJK_kerning_margin_width_dim=\dimen163
\l__xeCJK_kerning_margin_minimum_dim=\dimen164
\l__xeCJK_bound_dim=\dimen165
\l__xeCJK_reverse_bound_dim=\dimen166
\l__xeCJK_margin_dim=\dimen167
\l__xeCJK_minimum_bound_dim=\dimen168
\l__xeCJK_kerning_margin_dim=\dimen169
\g__xeCJK_family_int=\count186
\l__xeCJK_fam_int=\count187
\g__xeCJK_fam_allocation_int=\count188
\l__xeCJK_verb_case_int=\count189
\l__xeCJK_verb_exspace_skip=\skip62

(/usr/share/texlive/texmf-dist/tex/latex/fontspec/fontspec.sty
Package: fontspec 2020/02/03 v2.7h Font selection for XeLaTeX and LuaLaTeX

(/usr/share/texlive/texmf-dist/tex/latex/fontspec/fontspec-xetex.sty
Package: fontspec-xetex 2020/02/03 v2.7h Font selection for XeLaTeX and LuaLaTe
X
\l__fontspec_script_int=\count190
\l__fontspec_language_int=\count191
\l__fontspec_strnum_int=\count192
\l__fontspec_tmp_int=\count193
\l__fontspec_tmpa_int=\count194
\l__fontspec_tmpb_int=\count195
\l__fontspec_tmpc_int=\count196
\l__fontspec_em_int=\count197
\l__fontspec_emdef_int=\count198
\l__fontspec_strong_int=\count199
\l__fontspec_strongdef_int=\count266
\l__fontspec_tmpa_dim=\dimen170
\l__fontspec_tmpb_dim=\dimen171
\l__fontspec_tmpc_dim=\dimen172

(/usr/share/texlive/texmf-dist/tex/latex/base/fontenc.sty
Package: fontenc 2020/02/11 v2.0o Standard LaTeX package
)
(/usr/share/texlive/texmf-dist/tex/latex/fontspec/fontspec.cfg)))
(/usr/share/texlive/texmf-dist/tex/xelatex/xecjk/xeCJK.cfg
File: xeCJK.cfg 2020/02/14 v3.8.1 Configuration file for xeCJK package
))
(/usr/share/texlive/texmf-dist/tex/latex/amsmath/amsmath.sty
Package: amsmath 2020/01/20 v2.17e AMS math features
\@mathmargin=\skip63

For additional information on amsmath, use the `?' option.
(/usr/share/texlive/texmf-dist/tex/latex/amsmath/amstext.sty
Package: amstext 2000/06/29 v2.01 AMS text

(/usr/share/texlive/texmf-dist/tex/latex/amsmath/amsgen.sty
File: amsgen.sty 1999/11/30 v2.0 generic functions
\@emptytoks=\toks15
\ex@=\dimen173
))
(/usr/share/texlive/texmf-dist/tex/latex/amsmath/amsbsy.sty
Package: amsbsy 1999/11/29 v1.2d Bold Symbols
\pmbraise@=\dimen174
)
(/usr/share/texlive/texmf-dist/tex/latex/amsmath/amsopn.sty
Package: amsopn 2016/03/08 v2.02 operator names
)
\inf@bad=\count267
LaTeX Info: Redefining \frac on input line 227.
\uproot@=\count268
\leftroot@=\count269
LaTeX Info: Redefining \overline on input line 389.
\classnum@=\count270
\DOTSCASE@=\count271
LaTeX Info: Redefining \ldots on input line 486.
LaTeX Info: Redefining \dots on input line 489.
LaTeX Info: Redefining \cdots on input line 610.
\Mathstrutbox@=\box48
\strutbox@=\box49
\big@size=\dimen175
LaTeX Font Info:    Redeclaring font encoding OML on input line 733.
LaTeX Font Info:    Redeclaring font encoding OMS on input line 734.
\macc@depth=\count272
\c@MaxMatrixCols=\count273
\dotsspace@=\muskip17
\c@parentequation=\count274
\dspbrk@lvl=\count275
\tag@help=\toks16
\row@=\count276
\column@=\count277
\maxfields@=\count278
\andhelp@=\toks17
\eqnshift@=\dimen176
\alignsep@=\dimen177
\tagshift@=\dimen178
\tagwidth@=\dimen179
\totwidth@=\dimen180
\lineht@=\dimen181
\@envbody=\toks18
\multlinegap=\skip64
\multlinetaggap=\skip65
\mathdisplay@stack=\toks19
LaTeX Info: Redefining \[ on input line 2859.
LaTeX Info: Redefining \] on input line 2860.
)
(/usr/share/texlive/texmf-dist/tex/latex/amscls/amsthm.sty
Package: amsthm 2017/10/31 v2.20.4
\thm@style=\toks20
\thm@bodyfont=\toks21
\thm@headfont=\toks22
\thm@notefont=\toks23
\thm@headpunct=\toks24
\thm@preskip=\skip66
\thm@postskip=\skip67
\thm@headsep=\skip68
\dth@everypar=\toks25
)
(/usr/share/texlive/texmf-dist/tex/latex/listings/listings.sty
(/usr/share/texlive/texmf-dist/tex/latex/graphics/keyval.sty
Package: keyval 2014/10/28 v1.15 key=value parser (DPC)
\KV@toks@=\toks26
)
\lst@mode=\count279
\lst@gtempboxa=\box50
\lst@token=\toks27
\lst@length=\count280
\lst@currlwidth=\dimen182
\lst@column=\count281
\lst@pos=\count282
\lst@lostspace=\dimen183
\lst@width=\dimen184
\lst@newlines=\count283
\lst@lineno=\count284
\lst@maxwidth=\dimen185

(/usr/share/texlive/texmf-dist/tex/latex/listings/lstmisc.sty
File: lstmisc.sty 2019/09/10 1.8c (Carsten Heinz)
\c@lstnumber=\count285
\lst@skipnumbers=\count286
\lst@framebox=\box51
)
(/usr/share/texlive/texmf-dist/tex/latex/listings/listings.cfg
File: listings.cfg 2019/09/10 1.8c listings configuration
))
Package: listings 2019/09/10 1.8c (Carsten Heinz)

(/usr/share/texlive/texmf-dist/tex/latex/xcolor/xcolor.sty
Package: xcolor 2016/05/11 v2.12 LaTeX color extensions (UK)

(/usr/share/texlive/texmf-dist/tex/latex/graphics-cfg/color.cfg
File: color.cfg 2016/01/02 v1.6 sample color configuration
)
Package xcolor Info: Driver file: xetex.def on input line 225.

(/usr/share/texlive/texmf-dist/tex/latex/graphics-def/xetex.def
File: xetex.def 2017/06/24 v5.0h Graphics/color driver for xetex
)
Package xcolor Info: Model `cmy' substituted by `cmy0' on input line 1348.
Package xcolor Info: Model `RGB' extended on input line 1364.
Package xcolor Info: Model `HTML' substituted by `rgb' on input line 1366.
Package xcolor Info: Model `Hsb' substituted by `hsb' on input line 1367.
Package xcolor Info: Model `tHsb' substituted by `hsb' on input line 1368.
Package xcolor Info: Model `HSB' substituted by `hsb' on input line 1369.
Package xcolor Info: Model `Gray' substituted by `gray' on input line 1370.
Package xcolor Info: Model `wave' substituted by `hsb' on input line 1371.
)
(/usr/share/texlive/texmf-dist/tex/latex/geometry/geometry.sty
Package: geometry 2020/01/02 v5.9 Page Geometry

(/usr/share/texlive/texmf-dist/tex/generic/iftex/ifvtex.sty
Package: ifvtex 2019/10/25 v1.7 ifvtex legacy package. Use iftex instead.

(/usr/share/texlive/texmf-dist/tex/generic/iftex/iftex.sty
Package: iftex 2019/11/07 v1.0c TeX engine tests
))
\Gm@cnth=\count287
\Gm@cntv=\count288
\c@Gm@tempcnt=\count289
\Gm@bindingoffset=\dimen186
\Gm@wd@mp=\dimen187
\Gm@odd@mp=\dimen188
\Gm@even@mp=\dimen189
\Gm@layoutwidth=\dimen190
\Gm@layoutheight=\dimen191
\Gm@layouthoffset=\dimen192
\Gm@layoutvoffset=\dimen193
\Gm@dimlist=\toks28
)
(/usr/share/texlive/texmf-dist/tex/latex/graphics/graphicx.sty
Package: graphicx 2019/11/30 v1.2a Enhanced LaTeX Graphics (DPC,SPQR)

(/usr/share/texlive/texmf-dist/tex/latex/graphics/graphics.sty
Package: graphics 2019/11/30 v1.4a Standard LaTeX Graphics (DPC,SPQR)

(/usr/share/texlive/texmf-dist/tex/latex/graphics/trig.sty
Package: trig 2016/01/03 v1.10 sin cos tan (DPC)
)
(/usr/share/texlive/texmf-dist/tex/latex/graphics-cfg/graphics.cfg
File: graphics.cfg 2016/06/04 v1.11 sample graphics configuration
)
Package graphics Info: Driver file: xetex.def on input line 105.
)
\Gin@req@height=\dimen194
\Gin@req@width=\dimen195
)
(/usr/share/texlive/texmf-dist/tex/latex/setspace/setspace.sty
Package: setspace 2011/12/19 v6.7a set line spacing
)
(/usr/share/texlive/texmf-dist/tex/latex/fancyhdr/fancyhdr.sty
Package: fancyhdr 2019/01/31 v3.10 Extensive control of page headers and footer
s
\f@nch@headwidth=\skip69
\f@nch@O@elh=\skip70
\f@nch@O@erh=\skip71
\f@nch@O@olh=\skip72
\f@nch@O@orh=\skip73
\f@nch@O@elf=\skip74
\f@nch@O@erf=\skip75
\f@nch@O@olf=\skip76
\f@nch@O@orf=\skip77
)
(/usr/share/texlive/texmf-dist/tex/latex/hyperref/hyperref.sty
Package: hyperref 2020/01/14 v7.00d Hypertext links for LaTeX

(/usr/share/texlive/texmf-dist/tex/generic/ltxcmds/ltxcmds.sty
Package: ltxcmds 2019/12/15 v1.24 LaTeX kernel commands for general use (HO)
)
(/usr/share/texlive/texmf-dist/tex/latex/pdftexcmds/pdftexcmds.sty
Package: pdftexcmds 2019/11/24 v0.31 Utility functions of pdfTeX for LuaTeX (HO
)

(/usr/share/texlive/texmf-dist/tex/generic/infwarerr/infwarerr.sty
Package: infwarerr 2019/12/03 v1.5 Providing info/warning/error messages (HO)
)
Package pdftexcmds Info: \pdf@primitive is available.
Package pdftexcmds Info: \pdf@ifprimitive is available.
Package pdftexcmds Info: \pdfdraftmode not found.
)
(/usr/share/texlive/texmf-dist/tex/generic/kvsetkeys/kvsetkeys.sty
Package: kvsetkeys 2019/12/15 v1.18 Key value parser (HO)
)
(/usr/share/texlive/texmf-dist/tex/generic/kvdefinekeys/kvdefinekeys.sty
Package: kvdefinekeys 2019-12-19 v1.6 Define keys (HO)
)
(/usr/share/texlive/texmf-dist/tex/generic/pdfescape/pdfescape.sty
Package: pdfescape 2019/12/09 v1.15 Implements pdfTeX's escape features (HO)
)
(/usr/share/texlive/texmf-dist/tex/latex/hycolor/hycolor.sty
Package: hycolor 2020-01-27 v1.10 Color options for hyperref/bookmark (HO)
)
(/usr/share/texlive/texmf-dist/tex/latex/letltxmacro/letltxmacro.sty
Package: letltxmacro 2019/12/03 v1.6 Let assignment for LaTeX macros (HO)
)
(/usr/share/texlive/texmf-dist/tex/latex/auxhook/auxhook.sty
Package: auxhook 2019-12-17 v1.6 Hooks for auxiliary files (HO)
)
(/usr/share/texlive/texmf-dist/tex/latex/kvoptions/kvoptions.sty
Package: kvoptions 2019/11/29 v3.13 Key value format for package options (HO)
)
\@linkdim=\dimen196
\Hy@linkcounter=\count290
\Hy@pagecounter=\count291

(/usr/share/texlive/texmf-dist/tex/latex/hyperref/pd1enc.def
File: pd1enc.def 2020/01/14 v7.00d Hyperref: PDFDocEncoding definition (HO)
)
(/usr/share/texlive/texmf-dist/tex/generic/intcalc/intcalc.sty
Package: intcalc 2019/12/15 v1.3 Expandable calculations with integers (HO)
)
(/usr/share/texlive/texmf-dist/tex/generic/etexcmds/etexcmds.sty
Package: etexcmds 2019/12/15 v1.7 Avoid name clashes with e-TeX commands (HO)
)
\Hy@SavedSpaceFactor=\count292
Package hyperref Info: Option `breaklinks' set `true' on input line 4421.
Package hyperref Info: Option `colorlinks' set `true' on input line 4421.
Package hyperref Info: Hyper figures OFF on input line 4547.
Package hyperref Info: Link nesting OFF on input line 4552.
Package hyperref Info: Hyper index ON on input line 4555.
Package hyperref Info: Plain pages OFF on input line 4562.
Package hyperref Info: Backreferencing OFF on input line 4567.
Package hyperref Info: Implicit mode ON; LaTeX internals redefined.
Package hyperref Info: Bookmarks ON on input line 4800.
\c@Hy@tempcnt=\count293

(/usr/share/texlive/texmf-dist/tex/latex/url/url.sty
\Urlmuskip=\muskip18
Package: url 2013/09/16  ver 3.4  Verb mode for urls, etc.
)
LaTeX Info: Redefining \url on input line 5159.
\XeTeXLinkMargin=\dimen197

(/usr/share/texlive/texmf-dist/tex/generic/bitset/bitset.sty
Package: bitset 2019/12/09 v1.3 Handle bit-vector datatype (HO)

(/usr/share/texlive/texmf-dist/tex/generic/bigintcalc/bigintcalc.sty
Package: bigintcalc 2019/12/15 v1.5 Expandable calculations on big integers (HO
)
))
\Fld@menulength=\count294
\Field@Width=\dimen198
\Fld@charsize=\dimen199
Package hyperref Info: Hyper figures OFF on input line 6430.
Package hyperref Info: Link nesting OFF on input line 6435.
Package hyperref Info: Hyper index ON on input line 6438.
Package hyperref Info: backreferencing OFF on input line 6445.
Package hyperref Info: Link coloring ON on input line 6448.
Package hyperref Info: Link coloring with OCG OFF on input line 6455.
Package hyperref Info: PDF/A mode OFF on input line 6460.
LaTeX Info: Redefining \ref on input line 6500.
LaTeX Info: Redefining \pageref on input line 6504.

(/usr/share/texlive/texmf-dist/tex/generic/atbegshi/atbegshi.sty
Package: atbegshi 2019/12/05 v1.19 At begin shipout hook (HO)
)
\Hy@abspage=\count295
\c@Item=\count296
\c@Hfootnote=\count297
)
Package hyperref Info: Driver (autodetected): hxetex.

(/usr/share/texlive/texmf-dist/tex/latex/hyperref/hxetex.def
File: hxetex.def 2020/01/14 v7.00d Hyperref driver for XeTeX

(/usr/share/texlive/texmf-dist/tex/latex/hyperref/puenc.def
File: puenc.def 2020/01/14 v7.00d Hyperref: PDF Unicode definition (HO)
)
(/usr/share/texlive/texmf-dist/tex/generic/stringenc/stringenc.sty
Package: stringenc 2019/11/29 v1.12 Convert strings between diff. encodings (HO
)
)
\pdfm@box=\box52
\c@Hy@AnnotLevel=\count298
\HyField@AnnotCount=\count299
\Fld@listcount=\count300
\c@bookmark@seq@number=\count301

(/usr/share/texlive/texmf-dist/tex/latex/rerunfilecheck/rerunfilecheck.sty
Package: rerunfilecheck 2019/12/05 v1.9 Rerun checks for auxiliary files (HO)

(/usr/share/texlive/texmf-dist/tex/latex/atveryend/atveryend.sty
Package: atveryend 2019-12-11 v1.11 Hooks at the very end of document (HO)
Package atveryend Info: \enddocument detected (standard20110627).
)
(/usr/share/texlive/texmf-dist/tex/generic/uniquecounter/uniquecounter.sty
Package: uniquecounter 2019/12/15 v1.4 Provide unlimited unique counter (HO)
)
Package uniquecounter Info: New unique counter `rerunfilecheck' on input line 2
86.
)
\Hy@SectionHShift=\skip78
)
(/usr/share/texlive/texmf-dist/tex/latex/fncychap/fncychap.sty
Package: fncychap 2007/07/30 v1.34 LaTeX package (Revised chapters)
\RW=\skip79
\mylen=\skip80
\myhi=\skip81
\px=\skip82
\py=\skip83
\pyy=\skip84
\pxx=\skip85
\backskip=\skip86
)
(/usr/share/texlive/texmf-dist/tex/latex/tools/verbatim.sty
Package: verbatim 2019/11/10 v1.5r LaTeX2e package for verbatim enhancements
\every@verbatim=\toks29
\verbatim@line=\toks30
\verbatim@in@stream=\read2
)

Package fontspec Info: Could not resolve font "方正公文楷体/B" (it probably doesn't
(fontspec)             exist).


Package fontspec Info: Could not resolve font "华文楷体/I" (it probably doesn't
(fontspec)             exist).


Package fontspec Info: Could not resolve font "华文楷体/BI" (it probably doesn't
(fontspec)             exist).


Package fontspec Info: Could not resolve font "华文楷体/B" (it probably doesn't
(fontspec)             exist).


Package fontspec Info: Font family '华文楷体(0)' created for font '华文楷体' with
(fontspec)             options
(fontspec)             [Script={CJK},SlantedFont={华文楷体},BoldFont={华文楷体},ItalicF
ont={方正公文楷体}].
(fontspec)              
(fontspec)              This font family consists of the following NFSS
(fontspec)             series/shapes:
(fontspec)              
(fontspec)             - 'normal' (m/n) with NFSS spec.:
(fontspec)             <->"华文楷体/OT:script=hani;language=dflt;"
(fontspec)             - 'small caps'  (m/sc) with NFSS spec.: 
(fontspec)             - 'bold' (b/n) with NFSS spec.:
(fontspec)             <->"华文楷体/OT:script=hani;language=dflt;"
(fontspec)             - 'bold small caps'  (b/sc) with NFSS spec.: 
(fontspec)             - 'italic' (m/it) with NFSS spec.:
(fontspec)             <->"方正公文楷体/OT:script=hani;language=dflt;"
(fontspec)             - 'italic small caps'  (m/scit) with NFSS spec.: 
(fontspec)             - 'slanted' (m/sl) with NFSS spec.:
(fontspec)             <->"华文楷体/OT:script=hani;language=dflt;"
(fontspec)             - 'slanted small caps'  (m/scsl) with NFSS spec.: 


Package fontspec Info: Could not resolve font "Latin Modern Mono/B" (it
(fontspec)             probably doesn't exist).


Package fontspec Info: Font family 'LatinModernMono(0)' created for font
(fontspec)             'Latin Modern Mono' with options [Ligatures=TeX].
(fontspec)              
(fontspec)              This font family consists of the following NFSS
(fontspec)             series/shapes:
(fontspec)              
(fontspec)             - 'normal' (m/n) with NFSS spec.: <->"Latin Modern
(fontspec)             Mono/OT:script=latn;language=dflt;mapping=tex-text;"
(fontspec)             - 'small caps'  (m/sc) with NFSS spec.: 
(fontspec)             - 'italic' (m/it) with NFSS spec.: <->"Latin Modern
(fontspec)             Mono/I/OT:script=latn;language=dflt;mapping=tex-text;"
(fontspec)             - 'italic small caps'  (m/scit) with NFSS spec.: 
(fontspec)             - 'bold italic' (b/it) with NFSS spec.: <->"Latin
(fontspec)             Modern
(fontspec)             Mono/BI/OT:script=latn;language=dflt;mapping=tex-text;"
(fontspec)             - 'bold italic small caps'  (b/scit) with NFSS spec.: 


Package fontspec Info: Could not resolve font "Latin Modern Mono/B" (it
(fontspec)             probably doesn't exist).


Package fontspec Info: Font family 'LatinModernMono(1)' created for font
(fontspec)             'Latin Modern Mono' with options
(fontspec)             [WordSpace={1,0,0},HyphenChar=None,PunctuationSpace=Word
Space,Mapping={}].
(fontspec)              
(fontspec)              This font family consists of the following NFSS
(fontspec)             series/shapes:
(fontspec)              
(fontspec)             - 'normal' (m/n) with NFSS spec.: <->"Latin Modern
(fontspec)             Mono/OT:script=latn;language=dflt;"
(fontspec)             - 'small caps'  (m/sc) with NFSS spec.: 
(fontspec)             and font adjustment code:
(fontspec)             \fontdimen 2\font =1\fontdimen 2\font \fontdimen 3\font
(fontspec)             =0\fontdimen 3\font \fontdimen 4\font =0\fontdimen
(fontspec)             4\font \fontdimen 7\font =0\fontdimen 2\font
(fontspec)             \tex_hyphenchar:D \font =-1\scan_stop: 
(fontspec)             - 'italic' (m/it) with NFSS spec.: <->"Latin Modern
(fontspec)             Mono/I/OT:script=latn;language=dflt;"
(fontspec)             - 'italic small caps'  (m/scit) with NFSS spec.: 
(fontspec)             and font adjustment code:
(fontspec)             \fontdimen 2\font =1\fontdimen 2\font \fontdimen 3\font
(fontspec)             =0\fontdimen 3\font \fontdimen 4\font =0\fontdimen
(fontspec)             4\font \fontdimen 7\font =0\fontdimen 2\font
(fontspec)             \tex_hyphenchar:D \font =-1\scan_stop: 
(fontspec)             - 'bold italic' (b/it) with NFSS spec.: <->"Latin
(fontspec)             Modern Mono/BI/OT:script=latn;language=dflt;"
(fontspec)             - 'bold italic small caps'  (b/scit) with NFSS spec.: 
(fontspec)             and font adjustment code:
(fontspec)             \fontdimen 2\font =1\fontdimen 2\font \fontdimen 3\font
(fontspec)             =0\fontdimen 3\font \fontdimen 4\font =0\fontdimen
(fontspec)             4\font \fontdimen 7\font =0\fontdimen 2\font
(fontspec)             \tex_hyphenchar:D \font =-1\scan_stop: 


Package fontspec Info: Could not resolve font "华文楷体/BI" (it probably doesn't
(fontspec)             exist).


Package fontspec Info: Could not resolve font "华文楷体/B" (it probably doesn't
(fontspec)             exist).


Package fontspec Info: Could not resolve font "华文楷体/I" (it probably doesn't
(fontspec)             exist).


Package fontspec Info: Font family '华文楷体(1)' created for font '华文楷体' with
(fontspec)             options [Script={CJK}].
(fontspec)              
(fontspec)              This font family consists of the following NFSS
(fontspec)             series/shapes:
(fontspec)              
(fontspec)             - 'normal' (m/n) with NFSS spec.:
(fontspec)             <->"华文楷体/OT:script=hani;language=dflt;"
(fontspec)             - 'small caps'  (m/sc) with NFSS spec.: 


(/usr/share/texlive/texmf-dist/tex/latex/listings/lstlang1.sty
File: lstlang1.sty 2019/09/10 1.8c listings language file
)
(/usr/share/texlive/texmf-dist/tex/latex/listings/lstlang1.sty
File: lstlang1.sty 2019/09/10 1.8c listings language file
)
(/usr/share/texlive/texmf-dist/tex/latex/listings/lstmisc.sty
File: lstmisc.sty 2019/09/10 1.8c (Carsten Heinz)
)
(/usr/share/texlive/texmf-dist/tex/xelatex/xecjk/xeCJK-listings.sty
Package: xeCJK-listings 2020/02/14 v3.8.1 xeCJK patch file for listings
\l__xeCJK_listings_max_char_int=\count302
\l__xeCJK_listings_flag_int=\count303
)
(./template.aux)
\openout1 = `template.aux'.

LaTeX Font Info:    Checking defaults for OML/cmm/m/it on input line 115.
LaTeX Font Info:    ... okay on input line 115.
LaTeX Font Info:    Checking defaults for OMS/cmsy/m/n on input line 115.
LaTeX Font Info:    ... okay on input line 115.
LaTeX Font Info:    Checking defaults for OT1/cmr/m/n on input line 115.
LaTeX Font Info:    ... okay on input line 115.
LaTeX Font Info:    Checking defaults for T1/cmr/m/n on input line 115.
LaTeX Font Info:    ... okay on input line 115.
LaTeX Font Info:    Checking defaults for TS1/cmr/m/n on input line 115.
LaTeX Font Info:    Trying to load font information for TS1+cmr on input line 1
15.
 (/usr/share/texlive/texmf-dist/tex/latex/base/ts1cmr.fd
File: ts1cmr.fd 2019/12/16 v2.5j Standard LaTeX font definitions
)
LaTeX Font Info:    ... okay on input line 115.
LaTeX Font Info:    Checking defaults for TU/lmr/m/n on input line 115.
LaTeX Font Info:    ... okay on input line 115.
LaTeX Font Info:    Checking defaults for OMX/cmex/m/n on input line 115.
LaTeX Font Info:    ... okay on input line 115.
LaTeX Font Info:    Checking defaults for U/cmr/m/n on input line 115.
LaTeX Font Info:    ... okay on input line 115.
LaTeX Font Info:    Checking defaults for PD1/pdf/m/n on input line 115.
LaTeX Font Info:    ... okay on input line 115.
LaTeX Font Info:    Checking defaults for PU/pdf/m/n on input line 115.
LaTeX Font Info:    ... okay on input line 115.

Package fontspec Info: Adjusting the maths setup (use [no-math] to avoid
(fontspec)             this).

\symlegacymaths=\mathgroup4
LaTeX Font Info:    Overwriting symbol font `legacymaths' in version `bold'
(Font)                  OT1/cmr/m/n --> OT1/cmr/bx/n on input line 115.
LaTeX Font Info:    Redeclaring math accent \acute on input line 115.
LaTeX Font Info:    Redeclaring math accent \grave on input line 115.
LaTeX Font Info:    Redeclaring math accent \ddot on input line 115.
LaTeX Font Info:    Redeclaring math accent \tilde on input line 115.
LaTeX Font Info:    Redeclaring math accent \bar on input line 115.
LaTeX Font Info:    Redeclaring math accent \breve on input line 115.
LaTeX Font Info:    Redeclaring math accent \check on input line 115.
LaTeX Font Info:    Redeclaring math accent \hat on input line 115.
LaTeX Font Info:    Redeclaring math accent \dot on input line 115.
LaTeX Font Info:    Redeclaring math accent \mathring on input line 115.
LaTeX Font Info:    Redeclaring math symbol \Gamma on input line 115.
LaTeX Font Info:    Redeclaring math symbol \Delta on input line 115.
LaTeX Font Info:    Redeclaring math symbol \Theta on input line 115.
LaTeX Font Info:    Redeclaring math symbol \Lambda on input line 115.
LaTeX Font Info:    Redeclaring math symbol \Xi on input line 115.
LaTeX Font Info:    Redeclaring math symbol \Pi on input line 115.
LaTeX Font Info:    Redeclaring math symbol \Sigma on input line 115.
LaTeX Font Info:    Redeclaring math symbol \Upsilon on input line 115.
LaTeX Font Info:    Redeclaring math symbol \Phi on input line 115.
LaTeX Font Info:    Redeclaring math symbol \Psi on input line 115.
LaTeX Font Info:    Redeclaring math symbol \Omega on input line 115.
LaTeX Font Info:    Redeclaring math symbol \mathdollar on input line 115.
LaTeX Font Info:    Redeclaring symbol font `operators' on input line 115.
LaTeX Font Info:    Encoding `OT1' has changed to `TU' for symbol font
(Font)              `operators' in the math version `normal' on input line 115.

LaTeX Font Info:    Overwriting symbol font `operators' in version `normal'
(Font)                  OT1/cmr/m/n --> TU/LatinModernMono(0)/m/n on input line
 115.
LaTeX Font Info:    Encoding `OT1' has changed to `TU' for symbol font
(Font)              `operators' in the math version `bold' on input line 115.
LaTeX Font Info:    Overwriting symbol font `operators' in version `bold'
(Font)                  OT1/cmr/bx/n --> TU/LatinModernMono(0)/m/n on input lin
e 115.
LaTeX Font Info:    Overwriting symbol font `operators' in version `normal'
(Font)                  TU/LatinModernMono(0)/m/n --> TU/LatinModernMono(0)/m/n
 on input line 115.
LaTeX Font Info:    Overwriting math alphabet `\mathit' in version `normal'
(Font)                  OT1/cmr/m/it --> TU/LatinModernMono(0)/m/it on input li
ne 115.
LaTeX Font Info:    Overwriting math alphabet `\mathbf' in version `normal'
(Font)                  OT1/cmr/bx/n --> TU/LatinModernMono(0)/b/n on input lin
e 115.
LaTeX Font Info:    Overwriting math alphabet `\mathsf' in version `normal'
(Font)                  OT1/cmss/m/n --> TU/LatinModernMono(0)/m/n on input lin
e 115.
LaTeX Font Info:    Overwriting math alphabet `\mathtt' in version `normal'
(Font)                  OT1/cmtt/m/n --> TU/LatinModernMono(1)/m/n on input lin
e 115.
LaTeX Font Info:    Overwriting symbol font `operators' in version `bold'
(Font)                  TU/LatinModernMono(0)/m/n --> TU/LatinModernMono(0)/b/n
 on input line 115.
LaTeX Font Info:    Overwriting math alphabet `\mathit' in version `bold'
(Font)                  OT1/cmr/bx/it --> TU/LatinModernMono(0)/b/it on input l
ine 115.
LaTeX Font Info:    Overwriting math alphabet `\mathsf' in version `bold'
(Font)                  OT1/cmss/bx/n --> TU/LatinModernMono(0)/b/n on input li
ne 115.
LaTeX Font Info:    Overwriting math alphabet `\mathtt' in version `bold'
(Font)                  OT1/cmtt/m/n --> TU/LatinModernMono(1)/b/n on input lin
e 115.
\c@lstlisting=\count304

*geometry* driver: auto-detecting
*geometry* detected driver: xetex
*geometry* verbose mode - [ preamble ] result:
* driver: xetex
* paper: a4paper
* layout: <same size as paper>
* layoutoffset:(h,v)=(0.0pt,0.0pt)
* modes: 
* h-part:(L,W,R)=(90.47955pt, 416.54877pt, 90.47955pt)
* v-part:(T,H,B)=(72.2698pt, 700.50723pt, 72.2698pt)
* \paperwidth=597.50787pt
* \paperheight=845.04684pt
* \textwidth=416.54877pt
* \textheight=700.50723pt
* \oddsidemargin=18.20956pt
* \evensidemargin=18.20956pt
* \topmargin=-37.00018pt
* \headheight=12.0pt
* \headsep=25.0pt
* \topskip=10.0pt
* \footskip=30.0pt
* \marginparwidth=57.0pt
* \marginparsep=11.0pt
* \columnsep=30.0pt
* \skip\footins=9.0pt plus 4.0pt minus 2.0pt
* \hoffset=0.0pt
* \voffset=0.0pt
* \mag=1000
* \@twocolumnfalse
* \@twosidefalse
* \@mparswitchfalse
* \@reversemarginfalse
* (1in=72.27pt=25.4mm, 1cm=28.453pt)

\AtBeginShipoutBox=\box53
Package hyperref Info: Link coloring ON on input line 115.
(/usr/share/texlive/texmf-dist/tex/latex/hyperref/nameref.sty
Package: nameref 2019/09/16 v2.46 Cross-referencing by name of section

(/usr/share/texlive/texmf-dist/tex/latex/refcount/refcount.sty
Package: refcount 2019/12/15 v3.6 Data extraction from label references (HO)
)
(/usr/share/texlive/texmf-dist/tex/generic/gettitlestring/gettitlestring.sty
Package: gettitlestring 2019/12/15 v1.6 Cleanup title references (HO)
)
\c@section@level=\count305
)
LaTeX Info: Redefining \ref on input line 115.
LaTeX Info: Redefining \pageref on input line 115.
LaTeX Info: Redefining \nameref on input line 115.

(./template.out) (./template.out)
\@outlinefile=\write3
\openout3 = `template.out'.

File: logo.jpeg Graphic file (type bmp)
<logo.jpeg>

(/usr/share/texlive/texmf-dist/tex/generic/stringenc/se-ascii-print.def
File: se-ascii-print.def 2019/11/29 v1.12 stringenc: Printable ASCII characters

)
[1

]

LaTeX Font Warning: Font shape `TU/LatinModernMono(0)/b/n' undefined
(Font)              using `TU/LatinModernMono(0)/m/n' instead on input line 139
.

(./template.toc [2] [3]
Overfull \hbox (0.24997pt too wide) detected at line 114
 []\TU/LatinModernMono(0)/b/n/10 100
 []


Overfull \hbox (0.24997pt too wide) detected at line 115
 []\TU/LatinModernMono(0)/b/n/10 101
 []


Overfull \hbox (0.24997pt too wide) detected at line 117
 []\TU/LatinModernMono(0)/b/n/10 102
 []


Overfull \hbox (0.24997pt too wide) detected at line 118
 []\TU/LatinModernMono(0)/b/n/10 102
 []


Overfull \hbox (0.24997pt too wide) detected at line 119
 []\TU/LatinModernMono(0)/b/n/10 103
 []

)
\tf@toc=\write4
\openout4 = `template.toc'.

 [4]

Package fontspec Info: Could not resolve font "Consolas/BI" (it probably
(fontspec)             doesn't exist).


Package fontspec Info: Could not resolve font "Consolas/B" (it probably
(fontspec)             doesn't exist).


Package fontspec Info: Could not resolve font "Consolas/I" (it probably
(fontspec)             doesn't exist).


Package fontspec Info: Font family 'Consolas(0)' created for font 'Consolas'
(fontspec)             with options [].
(fontspec)              
(fontspec)              This font family consists of the following NFSS
(fontspec)             series/shapes:
(fontspec)              
(fontspec)             - 'normal' (m/n) with NFSS spec.:
(fontspec)             <->"Consolas/OT:script=latn;language=dflt;"
(fontspec)             - 'small caps'  (m/sc) with NFSS spec.: 

 (../01-基本算法/01-lower-upper-bound.cpp

LaTeX Font Warning: Font shape `TU/Consolas(0)/b/n' undefined
(Font)              using `TU/Consolas(0)/m/n' instead on input line 1.

) (../01-基本算法/01-三次方根.cpp [1]) (../01-基本算法/01-根据厚度将书分组.cpp
Overfull \hbox (54.77876pt too wide) in paragraph at lines 1--2
[][][][][][][][][][][]  
 []


Overfull \hbox (58.82874pt too wide) in paragraph at lines 10--12
[][][][][][][][][][][][]  
 []

[2]) (../01-基本算法/01-离散化-区间和.cpp
Overfull \hbox (54.77876pt too wide) in paragraph at lines 1--2
[][][][][][][][][][][]  
 []


Overfull \hbox (58.82874pt too wide) in paragraph at lines 9--11
[][][][][][][][][][][][]  
 []

[3] [4]) (../01-基本算法/01-简单递归-for循环.cpp) (../01-基本算法/01-糖果传递.cpp
Overfull \hbox (54.77876pt too wide) in paragraph at lines 1--2
[][][][][][][][][][][]  
 []

[5]
Overfull \hbox (58.82874pt too wide) in paragraph at lines 19--21
[][][][][][][][][][][][]  
 []

) (../01-基本算法/01-递归+vector.cpp
Overfull \hbox (54.77876pt too wide) in paragraph at lines 1--2
[][][][][][][][][][][]  
 []


Overfull \hbox (58.82874pt too wide) in paragraph at lines 9--11
[][][][][][][][][][][][]  
 []

[6]) (../01-基本算法/02-lhr.cpp [7]) (../01-基本算法/02-swap.cpp [8])
(../01-基本算法/02-七夕祭.cpp [9]) (../01-基本算法/02-递归+哈希.cpp
Overfull \hbox (54.77876pt too wide) in paragraph at lines 1--2
[][][][][][][][][][][]  
 []


Overfull \hbox (58.82874pt too wide) in paragraph at lines 9--11
[][][][][][][][][][][][]  
 []

) (../01-基本算法/02-递归+状压.cpp
Overfull \hbox (54.77876pt too wide) in paragraph at lines 1--2
[][][][][][][][][][][]  
 []

[10]
Overfull \hbox (58.82874pt too wide) in paragraph at lines 9--11
[][][][][][][][][][][][]  
 []

) (../01-基本算法/03-递归+状压.cpp
Overfull \hbox (54.77876pt too wide) in paragraph at lines 1--2
[][][][][][][][][][][]  
 []


Overfull \hbox (58.82874pt too wide) in paragraph at lines 9--11
[][][][][][][][][][][][]  
 []

[11]) (../01-基本算法/03-递归全排列+状压.cpp) (../01-基本算法/04-quickSort.cpp
Overfull \hbox (54.77876pt too wide) in paragraph at lines 1--2
[][][][][][][][][][][]  
 []

[12]
Overfull \hbox (58.82874pt too wide) in paragraph at lines 9--11
[][][][][][][][][][][][]  
 []

) (../01-基本算法/05-第k个数.cpp [13]) (../01-基本算法/06-mergeSort.cpp [14])
(../01-基本算法/07-逆序数.cpp [15]) (../01-基本算法/一维前缀和.cpp
Overfull \hbox (54.77876pt too wide) in paragraph at lines 1--2
[][][][][][][][][][][]  
 []


Overfull \hbox (58.82874pt too wide) in paragraph at lines 9--11
[][][][][][][][][][][][]  
 []

) [16] (../01-基本算法/一维差分.cpp) (../01-基本算法/二维前缀和.cpp
Overfull \hbox (54.77876pt too wide) in paragraph at lines 1--2
[][][][][][][][][][][]  
 []


Overfull \hbox (58.82874pt too wide) in paragraph at lines 9--11
[][][][][][][][][][][][]  
 []

[17]) (../01-基本算法/二维差分.cpp [18]) (../01-基本算法/均分纸牌.cpp
Overfull \hbox (54.77876pt too wide) in paragraph at lines 1--2
[][][][][][][][][][][]  
 []


Overfull \hbox (58.82874pt too wide) in paragraph at lines 9--11
[][][][][][][][][][][][]  
 []

[19]) (../02-搜索/01-树的深度优先搜索.cpp
Overfull \hbox (54.77876pt too wide) in paragraph at lines 1--2
[][][][][][][][][][][]  
 []


Overfull \hbox (58.82874pt too wide) in paragraph at lines 9--11
[][][][][][][][][][][][]  
 []

[20] [21]) (../02-搜索/02-图的深度优先搜索.cpp
Overfull \hbox (54.77876pt too wide) in paragraph at lines 1--2
[][][][][][][][][][][]  
 []


Overfull \hbox (58.82874pt too wide) in paragraph at lines 9--11
[][][][][][][][][][][][]  
 []

[22]) (../02-搜索/02-木棍dfs剪枝.cpp [23]) (../02-搜索/03-树的广度优先搜索.cpp [24])
(../02-搜索/04-图的广度优先搜索.cpp) [25] (../02-搜索/BFS+Cantor.cpp [26])
(../02-搜索/子集与二进制关系.cpp) (../02-搜索/组合与二进制关系.cpp [27])
(../03-动态规划/01-Bone-Collector.cpp
Overfull \hbox (54.77876pt too wide) in paragraph at lines 1--2
[][][][][][][][][][][]  
 []


Overfull \hbox (54.77876pt too wide) in paragraph at lines 12--14
[][][][][][][][][][][]  
 []

[28]) (../03-动态规划/01-Corn-Fields.cpp
Overfull \hbox (54.77876pt too wide) in paragraph at lines 1--2
[][][][][][][][][][][]  
 []

[29]
Overfull \hbox (58.82874pt too wide) in paragraph at lines 30--32
[][][][][][][][][][][][]  
 []

) (../03-动态规划/01-hdu1257.cpp
Overfull \hbox (54.77876pt too wide) in paragraph at lines 1--2
[][][][][][][][][][][]  
 []


Overfull \hbox (54.77876pt too wide) in paragraph at lines 9--11
[][][][][][][][][][][]  
 []

[30]) (../03-动态规划/01-二维费用的背包问题.cpp
Overfull \hbox (54.77876pt too wide) in paragraph at lines 1--2
[][][][][][][][][][][]  
 []


Overfull \hbox (58.82874pt too wide) in paragraph at lines 9--11
[][][][][][][][][][][][]  
 []

) (../03-动态规划/01-多重背包.cpp
Overfull \hbox (54.77876pt too wide) in paragraph at lines 1--2
[][][][][][][][][][][]  
 []

[31]
Overfull \hbox (58.82874pt too wide) in paragraph at lines 9--11
[][][][][][][][][][][][]  
 []

) (../03-动态规划/01-完全背包问题.cpp
Overfull \hbox (54.77876pt too wide) in paragraph at lines 1--2
[][][][][][][][][][][]  
 []


Overfull \hbox (58.82874pt too wide) in paragraph at lines 9--11
[][][][][][][][][][][][]  
 []

[32]) (../03-动态规划/1-拦截子弹++.cpp [33]) (../03-动态规划/01-最少硬币问题.cpp
Overfull \hbox (54.77876pt too wide) in paragraph at lines 1--2
[][][][][][][][][][][]  
 []


Overfull \hbox (54.77876pt too wide) in paragraph at lines 10--12
[][][][][][][][][][][]  
 []

) [34] (../03-动态规划/01-最长公共子序列.cpp
Overfull \hbox (54.77876pt too wide) in paragraph at lines 1--2
[][][][][][][][][][][]  
 []


Overfull \hbox (58.82874pt too wide) in paragraph at lines 9--11
[][][][][][][][][][][][]  
 []

) (../03-动态规划/1-木棍加工++.cpp [35]) (../03-动态规划/01-混合背包.cpp
Overfull \hbox (54.77876pt too wide) in paragraph at lines 1--2
[][][][][][][][][][][]  
 []


Overfull \hbox (58.82874pt too wide) in paragraph at lines 9--11
[][][][][][][][][][][][]  
 []

[36]) (../03-动态规划/01-石子合并.cpp
Overfull \hbox (54.77876pt too wide) in paragraph at lines 1--2
[][][][][][][][][][][]  
 []


Overfull \hbox (58.82874pt too wide) in paragraph at lines 11--13
[][][][][][][][][][][][]  
 []

[37]) (../03-动态规划/02-一维.cpp
Overfull \hbox (54.77876pt too wide) in paragraph at lines 1--2
[][][][][][][][][][][]  
 []


Overfull \hbox (58.82874pt too wide) in paragraph at lines 9--11
[][][][][][][][][][][][]  
 []

[38]
Overfull \hbox (12.04912pt too wide) in paragraph at lines 32--33
[][][][][][][][][][][][][][][][][][][][][][][][][][][][][][][][][][][][][][][][
][][][][][][][][][][][][][][][][][][][][][][][][][][][][][][][][][][][][][][][]
[][][][][][][][][][][][][][][][][][][][][][][][][][][][][][][][][][]  
 []

) (../03-动态规划/02-一维1.cpp
Overfull \hbox (54.77876pt too wide) in paragraph at lines 1--2
[][][][][][][][][][][]  
 []


Overfull \hbox (58.82874pt too wide) in paragraph at lines 9--11
[][][][][][][][][][][][]  
 []

[39]) (../03-动态规划/02-不要4-记忆化.cpp
Overfull \hbox (54.77876pt too wide) in paragraph at lines 1--2
[][][][][][][][][][][]  
 []


Overfull \hbox (58.82874pt too wide) in paragraph at lines 14--16
[][][][][][][][][][][][]  
 []

[40]) (../03-动态规划/02-二进制分组优化.cpp
Overfull \hbox (54.77876pt too wide) in paragraph at lines 1--2
[][][][][][][][][][][]  
 []


Overfull \hbox (58.82874pt too wide) in paragraph at lines 14--16
[][][][][][][][][][][][]  
 []

[41]) (../03-动态规划/02-回文串.cpp
Overfull \hbox (54.77876pt too wide) in paragraph at lines 1--2
[][][][][][][][][][][]  
 []


Overfull \hbox (58.82874pt too wide) in paragraph at lines 17--19
[][][][][][][][][][][][]  
 []

[42]) (../03-动态规划/2-拦截导弹.cpp
Overfull \hbox (206.15195pt too wide) in paragraph at lines 17--18
[][][][][][][][][][][][][][][][][][][][][][][][][][][][][][][][][][][][][][][][
][][][][][][][][][][][][][][][][][][][][][][][][][][][][][][][][][][][][][][][]
[][][][][][][][][][][][][][][][][][][][][][][][][][][][][][][][][][][][][][][][
][][][][][][][][][][][][][][][][][][][][][][][][][][][][][][][][][][][][][][][]
[][][][][][][][][][][][][][][][][][][][]  
 []

[43]) (../03-动态规划/02-最少硬币组合.cpp
Overfull \hbox (54.77876pt too wide) in paragraph at lines 1--2
[][][][][][][][][][][]  
 []


Overfull \hbox (58.82874pt too wide) in paragraph at lines 11--13
[][][][][][][][][][][][]  
 []

[44]) (../03-动态规划/03-单调队列优化.cpp
Overfull \hbox (54.77876pt too wide) in paragraph at lines 1--2
[][][][][][][][][][][]  
 []

[45]
Overfull \hbox (58.82874pt too wide) in paragraph at lines 12--14
[][][][][][][][][][][][]  
 []


Overfull \hbox (19.04376pt too wide) in paragraph at lines 45--46
[][][][][][][][][][][][][][][][][][][][][][][][][][][][][][][][][][][][][][][][
][][][][][][][][][][][][][][][][][][][][][][][][][][][][][][][][][][][][][][][]
[][][][][][][][][][][][][][][][][][][][][][][][][][][][][][][][][][][][][][][][
][][][][][][][]  
 []


Overfull \hbox (43.09373pt too wide) in paragraph at lines 49--50
[][][][][][][][][][][][][][][][][][][][][][][][][][][][][][][][][][][][][][][][
][][][][][][][][][][][][][][][][][][][][][][][][][][][][][][][][][][][][][][][]
[][][][][][][][][][][][][][][][][][][][][][][][][][][][][][][][][][][][][][][][
][][][][][][]  
 []


Overfull \hbox (197.49174pt too wide) in paragraph at lines 53--54
[][][][][]  
 []


Overfull \hbox (197.49174pt too wide) in paragraph at lines 55--56
[][][][][]  
 []


Overfull \hbox (197.49174pt too wide) in paragraph at lines 57--58
[][][][][]  
 []

[46]
Overfull \hbox (43.99022pt too wide) in paragraph at lines 79--80
[][][][][][][][][][][][][][][][][][][][][][][][][][][][][][][][][][][][][][][][
][][][][][][][][][][][][][][][][][][][][][][][][][][][][][][][][][][][][][][][]
[][][][][][][][][][][][][][][][][][][][][][][][][][][][][][][][][][][][][][][][
][][][]  
 []


Overfull \hbox (120.55316pt too wide) in paragraph at lines 80--81
[][][][][][][][][][][][][][][][][][][][][][][][][][][][][][][][][][][][][][][][
][][][][][][][][][][][][][][][][][][][][][][][][][][][][][][][][][][][][][][][]
[][][][][][][][][][][][][][][][][][][][][][][][][][][][][][][][][][][][][][][][
][][][][][][][][][][][][][][][][][][][][][][][][][][][][][][][][][]  
 []


Overfull \hbox (104.30077pt too wide) in paragraph at lines 81--82
[][][][][][][][][][][][][][][][][][][][][][][][][][][][][][][][][][][][][][][][
][][][][][][][][][][][][][][][][][][][][][][][][][][][][][][][][][][][][][][][]
[][][][][][][][][][][][][][][][][][][][][][][][][][][][][][][][][][][][][][][][
][][][][][][][][][][][][][][][][][][][][][]  
 []


Overfull \hbox (109.24901pt too wide) in paragraph at lines 82--83
[][][][][][][][][][][][][][][][][][][][][][][][][][][][][][][][][][][][][][][][
][][][][][][][][][][][][][][][][][][][][][][][][][][][][][][][][][][][][][][][]
[][][][][][][][][][][][][][][][][][][][][][][][][][][][][][][][][][][][][][][][
][][][][][][][][][][][][][][][][][][][][][][][][]  
 []


Overfull \hbox (123.19725pt too wide) in paragraph at lines 83--84
[][][][][][][][][][][][][][][][][][][][][][][][][][][][][][][][][][][][][][][][
][][][][][][][][][][][][][][][][][][][][][][][][][][][][][][][][][][][][][][][]
[][][][][][][][][][][][][][][][][][][][][][][][][][][][][][][][][][][][][][][][
][][][][][][][][][][][][][][][][][][][][][][][][][][][][][][][][][]  
 []

) (../03-动态规划/3-导弹拦截.cpp [47]) (../03-动态规划/03-所有硬币组合-1.cpp
Overfull \hbox (54.77876pt too wide) in paragraph at lines 1--2
[][][][][][][][][][][]  
 []


Overfull \hbox (58.82874pt too wide) in paragraph at lines 12--14
[][][][][][][][][][][][]  
 []

[48]) (../03-动态规划/04-所有硬币组合-2.cpp
Overfull \hbox (54.77876pt too wide) in paragraph at lines 1--2
[][][][][][][][][][][]  
 []


Overfull \hbox (58.82874pt too wide) in paragraph at lines 12--14
[][][][][][][][][][][][]  
 []

) [49] (../04-字符串/01-KMP.cpp [50]) (../04-字符串/02-Manacher.cpp [51] [52])
(../04-字符串/04-最长公共子串.cpp [53]) (../05-数学问题/01-Bash-Game-sg.cpp
Overfull \hbox (54.77876pt too wide) in paragraph at lines 1--2
[][][][][][][][][][][]  
 []

[54]
Overfull \hbox (58.82874pt too wide) in paragraph at lines 9--11
[][][][][][][][][][][][]  
 []

) (../05-数学问题/01-Catalan.cpp [55]) [56] (../05-数学问题/01-gcd-lcm.cpp)
(../05-数学问题/01-快速幂测试.cpp
Overfull \hbox (54.77876pt too wide) in paragraph at lines 1--2
[][][][][][][][][][][]  
 []


Overfull \hbox (58.82874pt too wide) in paragraph at lines 8--10
[][][][][][][][][][][][]  
 []

[57]) (../05-数学问题/01-排列组合.cpp
Overfull \hbox (54.77876pt too wide) in paragraph at lines 1--2
[][][][][][][][][][][]  
 []

[58])
Overfull \hbox (58.82874pt too wide) in paragraph at lines 16--269
[][][][][][][][][][][][]  
 []

(../05-数学问题/01-整数除以2.cpp) (../05-数学问题/01-素数.cpp [59]) (../05-数学问题/01-费马小定理.cpp
Overfull \hbox (54.77876pt too wide) in paragraph at lines 1--2
[][][][][][][][][][][]  
 []


Overfull \hbox (58.82874pt too wide) in paragraph at lines 8--10
[][][][][][][][][][][][]  
 []

[60]) (../05-数学问题/01-进制转换.cpp) [61] (../05-数学问题/02-二进制状态压缩.cpp
Overfull \hbox (54.77876pt too wide) in paragraph at lines 1--2
[][][][][][][][][][][]  
 []


Overfull \hbox (58.82874pt too wide) in paragraph at lines 26--28
[][][][][][][][][][][][]  
 []


Overfull \hbox (11.14014pt too wide) in paragraph at lines 48--49
[][][][][][][][][][][][][][][][][][][][][][][][][][][][][][][][][][][][][][][][
][][][][][][][][][][][][][][][][][][][][][][][][][][][][][][][][][][][][][][][]
[][][][][][][][][][][][][][][][][][][][][][][][][][][][][][][][][][][][]  
 []

[62]
Overfull \hbox (49.7851pt too wide) in paragraph at lines 50--51
[][][][][][][][][][][][][][][][][][][][][][][][][][][][][][][][][][][][][][][][
][][][][][][][][][][][][][][][][][][][][][][][][][][][][][][][][][][][][][][][]
[][][][][][][][][][][][][][][][][][][][][][][][][][][][][][][][][][][][][][][][
][][][][][][][][][][][][][][]  
 []

) (../05-数学问题/02-埃氏筛法.cpp) (../05-数学问题/02-扩展欧几里得.cpp [63])
(../05-数学问题/02-扩展欧几里得算法.cpp [64]) (../05-数学问题/03-lowbit.cpp)
(../05-数学问题/03-wythoff-Game.cpp
Overfull \hbox (54.77876pt too wide) in paragraph at lines 1--2
[][][][][][][][][][][]  
 []


Overfull \hbox (58.82874pt too wide) in paragraph at lines 9--11
[][][][][][][][][][][][]  
 []

[65]) (../05-数学问题/03-快速幂模板.cpp) (../05-数学问题/03-欧拉筛法.cpp [66] [67])
(../05-数学问题/03-递推.cpp) (../05-数学问题/04-n!中质因子p的个数.cpp) (../05-数学问题/04-终极递推.cpp
[68]) (../05-数学问题/04-高精度加法.cpp [69]) (../05-数学问题/05-素因子.cpp)
(../05-数学问题/05-高精度减法.cpp [70]) [71] (../05-数学问题/06-质因子分解.cpp [72])
(../05-数学问题/06-高精度乘法.cpp) [73] (../05-数学问题/07-高精度除法.cpp)
(../05-数学问题/Fibonacci.cpp [74]) [75] (../06-数据结构/01-Segment-Tree.cpp
Overfull \hbox (54.77876pt too wide) in paragraph at lines 1--2
[][][][][][][][][][][]  
 []


Overfull \hbox (58.82874pt too wide) in paragraph at lines 10--12
[][][][][][][][][][][][]  
 []

[76]) (../06-数据结构/01-Sliding-Window.cpp
Overfull \hbox (54.77876pt too wide) in paragraph at lines 1--2
[][][][][][][][][][][]  
 []

[77]
Overfull \hbox (58.82874pt too wide) in paragraph at lines 9--11
[][][][][][][][][][][][]  
 []

[78]) (../06-数据结构/01-单调栈.cpp
Overfull \hbox (54.77876pt too wide) in paragraph at lines 1--2
[][][][][][][][][][][]  
 []


Overfull \hbox (58.82874pt too wide) in paragraph at lines 12--14
[][][][][][][][][][][][]  
 []

) [79] (../06-数据结构/02-最大子序列和.cpp
Overfull \hbox (54.77876pt too wide) in paragraph at lines 1--2
[][][][][][][][][][][]  
 []


Overfull \hbox (58.82874pt too wide) in paragraph at lines 11--13
[][][][][][][][][][][][]  
 []

) (../06-数据结构/02-逆序链表迭代.cpp [80] [81]) (../06-数据结构/Template-并查集.cpp [82])
(../06-数据结构/对顶堆.cpp
Overfull \hbox (54.77876pt too wide) in paragraph at lines 1--2
[][][][][][][][][][][]  
 []


Overfull \hbox (58.82874pt too wide) in paragraph at lines 11--13
[][][][][][][][][][][][]  
 []

[83]) (../06-数据结构/并查集合并压缩.cpp [84]) (../06-数据结构/并查集路径压缩.cpp [85] [86])
(../06-数据结构/数状数组.cpp
Overfull \hbox (54.77876pt too wide) in paragraph at lines 1--2
[][][][][][][][][][][]  
 []


Overfull \hbox (54.77876pt too wide) in paragraph at lines 9--11
[][][][][][][][][][][]  
 []

[87]) (../07-图论/01-BFS-邻接矩阵.cpp [88]) (../07-图论/01-DFS-邻接矩阵.cpp) [89]
(../07-图论/01-Floyd.cpp) (../07-图论/01-kruskal.cpp [90]) (../07-图论/01-prim.cpp
[91]) (../07-图论/01-SPFA.cpp [92]) (../07-图论/01-邻接矩阵.cpp [93] [94])
(../07-图论/02-BFS-邻接表.cpp) [95] (../07-图论/02-DFS-邻接表.cpp) (../07-图论/02-二叉堆.cpp
[96] [97]) (../07-图论/02-拓扑排序.cpp [98]) (../07-图论/03-BFS-链式前向星.cpp [99])
(../07-图论/03-DFS-链式前向星.cpp
Overfull \hbox (54.77876pt too wide) in paragraph at lines 1--2
[][][][][][][][][][][]  
 []


Overfull \hbox (58.82874pt too wide) in paragraph at lines 9--11
[][][][][][][][][][][][]  
 []

[100]) (../07-图论/Bellman-Ford.cpp [101]) (../08-杂项/mt19937.cpp)
(../08-杂项/shuffle.cpp [102]) (../08-杂项/约瑟夫环.cpp)
Package atveryend Info: Empty hook `BeforeClearDocument' on input line 371.
 [103]
Package atveryend Info: Empty hook `AfterLastShipout' on input line 371.
 (./template.aux)
Package atveryend Info: Empty hook `AtVeryEndDocument' on input line 371.
Package atveryend Info: Executing hook `AtEndAfterFileList' on input line 371.
Package rerunfilecheck Info: File `template.out' has not changed.
(rerunfilecheck)             Checksum: CD2ACEE4B2B155572449BF03508B09F9;7805.


LaTeX Font Warning: Some font shapes were not available, defaults substituted.

Package atveryend Info: Empty hook `AtVeryVeryEnd' on input line 371.
 ) 
Here is how much of TeX's memory you used:
 17279 strings out of 481804
 325260 string characters out of 5937877
 917655 words of memory out of 5000000
 33685 multiletter control sequences out of 15000+600000
 535747 words of font info for 75 fonts, out of 8000000 for 9000
 14 hyphenation exceptions out of 8191
 54i,12n,67p,302b,1814s stack positions out of 5000i,500n,10000p,200000b,80000s

Output written on template.pdf (107 pages).
