\BOOKMARK [1][-]{section.1}{01-基本算法}{}% 1
\BOOKMARK [2][-]{subsection.1.1}{01-lower-upper-bound}{section.1}% 2
\BOOKMARK [2][-]{subsection.1.2}{01-三次方根}{section.1}% 3
\BOOKMARK [2][-]{subsection.1.3}{01-根据厚度将书分组}{section.1}% 4
\BOOKMARK [2][-]{subsection.1.4}{01-离散化-区间和}{section.1}% 5
\BOOKMARK [2][-]{subsection.1.5}{01-简单递归-for循环}{section.1}% 6
\BOOKMARK [2][-]{subsection.1.6}{01-糖果传递}{section.1}% 7
\BOOKMARK [2][-]{subsection.1.7}{01-递归+vector}{section.1}% 8
\BOOKMARK [2][-]{subsection.1.8}{02-lhr}{section.1}% 9
\BOOKMARK [2][-]{subsection.1.9}{02-swap}{section.1}% 10
\BOOKMARK [2][-]{subsection.1.10}{02-七夕祭}{section.1}% 11
\BOOKMARK [2][-]{subsection.1.11}{02-递归+哈希}{section.1}% 12
\BOOKMARK [2][-]{subsection.1.12}{02-递归+状压}{section.1}% 13
\BOOKMARK [2][-]{subsection.1.13}{03-递归+状压}{section.1}% 14
\BOOKMARK [2][-]{subsection.1.14}{03-递归全排列+状压}{section.1}% 15
\BOOKMARK [2][-]{subsection.1.15}{04-quickSort}{section.1}% 16
\BOOKMARK [2][-]{subsection.1.16}{05-第k个数}{section.1}% 17
\BOOKMARK [2][-]{subsection.1.17}{06-mergeSort}{section.1}% 18
\BOOKMARK [2][-]{subsection.1.18}{07-逆序数}{section.1}% 19
\BOOKMARK [2][-]{subsection.1.19}{一维前缀和}{section.1}% 20
\BOOKMARK [2][-]{subsection.1.20}{一维差分}{section.1}% 21
\BOOKMARK [2][-]{subsection.1.21}{二维前缀和}{section.1}% 22
\BOOKMARK [2][-]{subsection.1.22}{二维差分}{section.1}% 23
\BOOKMARK [2][-]{subsection.1.23}{均分纸牌}{section.1}% 24
\BOOKMARK [1][-]{section.2}{02-搜索}{}% 25
\BOOKMARK [2][-]{subsection.2.1}{01-树的深度优先搜索}{section.2}% 26
\BOOKMARK [2][-]{subsection.2.2}{02-图的深度优先搜索}{section.2}% 27
\BOOKMARK [2][-]{subsection.2.3}{02-木棍dfs剪枝}{section.2}% 28
\BOOKMARK [2][-]{subsection.2.4}{03-树的广度优先搜索}{section.2}% 29
\BOOKMARK [2][-]{subsection.2.5}{04-图的广度优先搜索}{section.2}% 30
\BOOKMARK [2][-]{subsection.2.6}{BFS+Cantor}{section.2}% 31
\BOOKMARK [2][-]{subsection.2.7}{子集与二进制关系}{section.2}% 32
\BOOKMARK [2][-]{subsection.2.8}{组合与二进制关系}{section.2}% 33
\BOOKMARK [1][-]{section.3}{03-动态规划}{}% 34
\BOOKMARK [2][-]{subsection.3.1}{01-Bone-Collector}{section.3}% 35
\BOOKMARK [2][-]{subsection.3.2}{01-Corn-Fields}{section.3}% 36
\BOOKMARK [2][-]{subsection.3.3}{01-hdu1257}{section.3}% 37
\BOOKMARK [2][-]{subsection.3.4}{01-二维费用的背包问题}{section.3}% 38
\BOOKMARK [2][-]{subsection.3.5}{01-多重背包}{section.3}% 39
\BOOKMARK [2][-]{subsection.3.6}{01-完全背包问题}{section.3}% 40
\BOOKMARK [2][-]{subsection.3.7}{1-拦截子弹++}{section.3}% 41
\BOOKMARK [2][-]{subsection.3.8}{01-最少硬币问题}{section.3}% 42
\BOOKMARK [2][-]{subsection.3.9}{01-最长公共子序列}{section.3}% 43
\BOOKMARK [2][-]{subsection.3.10}{1-木棍加工++}{section.3}% 44
\BOOKMARK [2][-]{subsection.3.11}{01-混合背包}{section.3}% 45
\BOOKMARK [2][-]{subsection.3.12}{01-石子合并}{section.3}% 46
\BOOKMARK [2][-]{subsection.3.13}{02-一维}{section.3}% 47
\BOOKMARK [2][-]{subsection.3.14}{02-一维1}{section.3}% 48
\BOOKMARK [2][-]{subsection.3.15}{02-不要4-记忆化}{section.3}% 49
\BOOKMARK [2][-]{subsection.3.16}{02-二进制分组优化}{section.3}% 50
\BOOKMARK [2][-]{subsection.3.17}{02-回文串}{section.3}% 51
\BOOKMARK [2][-]{subsection.3.18}{2-拦截导弹}{section.3}% 52
\BOOKMARK [2][-]{subsection.3.19}{02-最少硬币组合}{section.3}% 53
\BOOKMARK [2][-]{subsection.3.20}{03-单调队列优化}{section.3}% 54
\BOOKMARK [2][-]{subsection.3.21}{3-导弹拦截}{section.3}% 55
\BOOKMARK [2][-]{subsection.3.22}{03-所有硬币组合-1}{section.3}% 56
\BOOKMARK [2][-]{subsection.3.23}{04-所有硬币组合-2}{section.3}% 57
\BOOKMARK [1][-]{section.4}{04-字符串}{}% 58
\BOOKMARK [2][-]{subsection.4.1}{01-KMP}{section.4}% 59
\BOOKMARK [2][-]{subsection.4.2}{02-Manacher}{section.4}% 60
\BOOKMARK [2][-]{subsection.4.3}{04-最长公共子串}{section.4}% 61
\BOOKMARK [1][-]{section.5}{05-数学问题}{}% 62
\BOOKMARK [2][-]{subsection.5.1}{01-Bash-Game-sg}{section.5}% 63
\BOOKMARK [2][-]{subsection.5.2}{01-Catalan}{section.5}% 64
\BOOKMARK [2][-]{subsection.5.3}{01-gcd-lcm}{section.5}% 65
\BOOKMARK [2][-]{subsection.5.4}{01-快速幂测试}{section.5}% 66
\BOOKMARK [2][-]{subsection.5.5}{01-排列组合}{section.5}% 67
\BOOKMARK [2][-]{subsection.5.6}{01-整数除以2}{section.5}% 68
\BOOKMARK [2][-]{subsection.5.7}{01-素数}{section.5}% 69
\BOOKMARK [2][-]{subsection.5.8}{01-费马小定理}{section.5}% 70
\BOOKMARK [2][-]{subsection.5.9}{01-进制转换}{section.5}% 71
\BOOKMARK [2][-]{subsection.5.10}{02-二进制状态压缩}{section.5}% 72
\BOOKMARK [2][-]{subsection.5.11}{02-埃氏筛法}{section.5}% 73
\BOOKMARK [2][-]{subsection.5.12}{02-扩展欧几里得}{section.5}% 74
\BOOKMARK [2][-]{subsection.5.13}{02-扩展欧几里得算法}{section.5}% 75
\BOOKMARK [2][-]{subsection.5.14}{03-lowbit}{section.5}% 76
\BOOKMARK [2][-]{subsection.5.15}{03-wythoff-Game}{section.5}% 77
\BOOKMARK [2][-]{subsection.5.16}{03-快速幂模板}{section.5}% 78
\BOOKMARK [2][-]{subsection.5.17}{03-欧拉筛法}{section.5}% 79
\BOOKMARK [2][-]{subsection.5.18}{03-递推}{section.5}% 80
\BOOKMARK [2][-]{subsection.5.19}{04-n!中质因子p的个数}{section.5}% 81
\BOOKMARK [2][-]{subsection.5.20}{04-终极递推}{section.5}% 82
\BOOKMARK [2][-]{subsection.5.21}{04-高精度加法}{section.5}% 83
\BOOKMARK [2][-]{subsection.5.22}{05-素因子}{section.5}% 84
\BOOKMARK [2][-]{subsection.5.23}{05-高精度减法}{section.5}% 85
\BOOKMARK [2][-]{subsection.5.24}{06-质因子分解}{section.5}% 86
\BOOKMARK [2][-]{subsection.5.25}{06-高精度乘法}{section.5}% 87
\BOOKMARK [2][-]{subsection.5.26}{07-高精度除法}{section.5}% 88
\BOOKMARK [2][-]{subsection.5.27}{Fibonacci}{section.5}% 89
\BOOKMARK [1][-]{section.6}{06-数据结构}{}% 90
\BOOKMARK [2][-]{subsection.6.1}{01-Segment-Tree}{section.6}% 91
\BOOKMARK [2][-]{subsection.6.2}{01-Sliding-Window}{section.6}% 92
\BOOKMARK [2][-]{subsection.6.3}{01-单调栈}{section.6}% 93
\BOOKMARK [2][-]{subsection.6.4}{02-最大子序列和}{section.6}% 94
\BOOKMARK [2][-]{subsection.6.5}{02-逆序链表迭代}{section.6}% 95
\BOOKMARK [2][-]{subsection.6.6}{Template-并查集}{section.6}% 96
\BOOKMARK [2][-]{subsection.6.7}{对顶堆}{section.6}% 97
\BOOKMARK [2][-]{subsection.6.8}{并查集合并压缩}{section.6}% 98
\BOOKMARK [2][-]{subsection.6.9}{并查集路径压缩}{section.6}% 99
\BOOKMARK [2][-]{subsection.6.10}{数状数组}{section.6}% 100
\BOOKMARK [1][-]{section.7}{07-图论}{}% 101
\BOOKMARK [2][-]{subsection.7.1}{01-BFS-邻接矩阵}{section.7}% 102
\BOOKMARK [2][-]{subsection.7.2}{01-DFS-邻接矩阵}{section.7}% 103
\BOOKMARK [2][-]{subsection.7.3}{01-Floyd}{section.7}% 104
\BOOKMARK [2][-]{subsection.7.4}{01-kruskal}{section.7}% 105
\BOOKMARK [2][-]{subsection.7.5}{01-prim}{section.7}% 106
\BOOKMARK [2][-]{subsection.7.6}{01-SPFA}{section.7}% 107
\BOOKMARK [2][-]{subsection.7.7}{01-邻接矩阵}{section.7}% 108
\BOOKMARK [2][-]{subsection.7.8}{02-BFS-邻接表}{section.7}% 109
\BOOKMARK [2][-]{subsection.7.9}{02-DFS-邻接表}{section.7}% 110
\BOOKMARK [2][-]{subsection.7.10}{02-二叉堆}{section.7}% 111
\BOOKMARK [2][-]{subsection.7.11}{02-拓扑排序}{section.7}% 112
\BOOKMARK [2][-]{subsection.7.12}{03-BFS-链式前向星}{section.7}% 113
\BOOKMARK [2][-]{subsection.7.13}{03-DFS-链式前向星}{section.7}% 114
\BOOKMARK [2][-]{subsection.7.14}{Bellman-Ford}{section.7}% 115
\BOOKMARK [1][-]{section.8}{08-杂项}{}% 116
\BOOKMARK [2][-]{subsection.8.1}{mt19937}{section.8}% 117
\BOOKMARK [2][-]{subsection.8.2}{shuffle}{section.8}% 118
\BOOKMARK [2][-]{subsection.8.3}{约瑟夫环}{section.8}% 119
